<?xml version="1.0" encoding="UTF-8"?>
<testsuite name="com.usb.demo.ccapp.CCappApplicationTests" tests="1" skipped="0" failures="0" errors="0" timestamp="2025-09-07T19:02:23.416Z" hostname="Swamys-MacBook-Air.local" time="0.352">
  <properties/>
  <testcase name="contextLoads()" classname="com.usb.demo.ccapp.CCappApplicationTests" time="0.352"/>
  <system-out><![CDATA[13:02:22.693 [Test worker] INFO org.springframework.test.context.support.AnnotationConfigContextLoaderUtils -- Could not detect default configuration classes for test class [com.usb.demo.ccapp.CCappApplicationTests]: CCappApplicationTests does not declare any static, non-private, non-final, nested classes annotated with @Configuration.
13:02:22.731 [Test worker] INFO org.springframework.boot.test.context.SpringBootTestContextBootstrapper -- Found @SpringBootConfiguration com.usb.demo.ccapp.CCappApplication for test class com.usb.demo.ccapp.CCappApplicationTests

  .   ____          _            __ _ _
 /\\ / ___'_ __ _ _(_)_ __  __ _ \ \ \ \
( ( )\___ | '_ | '_| | '_ \/ _` | \ \ \ \
 \\/  ___)| |_)| | | | | || (_| |  ) ) ) )
  '  |____| .__|_| |_|_| |_\__, | / / / /
 =========|_|==============|___/=/_/_/_/

 :: Spring Boot ::                (v3.5.5)

2025-09-07T13:02:22.885-06:00  INFO 6367 --- [CCapp] [    Test worker] c.usb.demo.ccapp.CCappApplicationTests   : Starting CCappApplicationTests using Java 21.0.2 with PID 6367 (started by swamysivasubramaniyan in /Users/swamysivasubramaniyan/home/repo/java/CCapp)
2025-09-07T13:02:22.885-06:00  INFO 6367 --- [CCapp] [    Test worker] c.usb.demo.ccapp.CCappApplicationTests   : No active profile set, falling back to 1 default profile: "default"
2025-09-07T13:02:23.252-06:00  INFO 6367 --- [CCapp] [    Test worker] o.s.b.a.w.s.WelcomePageHandlerMapping    : Adding welcome page: class path resource [static/index.html]
2025-09-07T13:02:23.410-06:00  INFO 6367 --- [CCapp] [    Test worker] c.usb.demo.ccapp.CCappApplicationTests   : Started CCappApplicationTests in 0.626 seconds (process running for 1.071)
]]></system-out>
  <system-err><![CDATA[Mockito is currently self-attaching to enable the inline-mock-maker. This will no longer work in future releases of the JDK. Please add Mockito as an agent to your build as described in Mockito's documentation: https://javadoc.io/doc/org.mockito/mockito-core/latest/org.mockito/org/mockito/Mockito.html#0.3
WARNING: A Java agent has been loaded dynamically (/Users/swamysivasubramaniyan/.gradle/caches/modules-2/files-2.1/net.bytebuddy/byte-buddy-agent/1.17.7/fbf3d6d649ed37fc9e9c59480a05be0a26e3c2da/byte-buddy-agent-1.17.7.jar)
WARNING: If a serviceability tool is in use, please run with -XX:+EnableDynamicAgentLoading to hide this warning
WARNING: If a serviceability tool is not in use, please run with -Djdk.instrument.traceUsage for more information
WARNING: Dynamic loading of agents will be disallowed by default in a future release
]]></system-err>
</testsuite>
